<?xml version="1.0" encoding="UTF-8"?>
<!-- Generated by org.testng.reporters.JUnitXMLReporter -->
<testsuite hostname="DESKTOP-BGEVGFM" name="Test" tests="4" failures="0" timestamp="11 Oct 2021 17:51:07 GMT" time="35.13" errors="0">
  <testcase name="basePageNavigation" time="11.454" classname="Academy.HomePage"/>
  <testcase name="basePageNavigation" time="9.281" classname="Academy.HomePage"/>
  <testcase name="basePageNavigation" time="0.114" classname="Academy.ValidateTitle"/>
  <testcase name="basePageNavigation" time="0.294" classname="Academy.ValidateNavigationBar"/>
</testsuite> <!-- Test -->
